<?xml version="1.0" encoding="UTF-8"?>
<testng-results ignored="0" total="1" passed="1" failed="0" skipped="0">
  <reporter-output>
  </reporter-output>
  <suite started-at="2024-12-01T07:30:42 IST" name="Default suite" finished-at="2024-12-01T07:30:48 IST" duration-ms="6569">
    <groups>
    </groups>
    <test started-at="2024-12-01T07:30:42 IST" name="Default test" finished-at="2024-12-01T07:30:48 IST" duration-ms="6569">
      <class name="sele_nium.Test1">
        <test-method is-config="true" signature="openBrowser()[pri:0, instance:sele_nium.Test1@384ad17b]" started-at="2024-12-01T07:30:42 IST" name="openBrowser" finished-at="2024-12-01T07:30:46 IST" duration-ms="4823" status="PASS">
          <reporter-output>
          </reporter-output>
        </test-method> <!-- openBrowser -->
        <test-method is-config="true" signature="login()[pri:0, instance:sele_nium.Test1@384ad17b]" started-at="2024-12-01T07:30:46 IST" name="login" finished-at="2024-12-01T07:30:47 IST" duration-ms="1095" status="PASS">
          <reporter-output>
          </reporter-output>
        </test-method> <!-- login -->
        <test-method signature="testsc()[pri:0, instance:sele_nium.Test1@384ad17b]" started-at="2024-12-01T07:30:47 IST" name="testsc" finished-at="2024-12-01T07:30:47 IST" duration-ms="4" status="PASS">
          <reporter-output>
          </reporter-output>
        </test-method> <!-- testsc -->
        <test-method is-config="true" signature="logout()[pri:0, instance:sele_nium.Test1@384ad17b]" started-at="2024-12-01T07:30:48 IST" name="logout" finished-at="2024-12-01T07:30:48 IST" duration-ms="470" status="PASS">
          <reporter-output>
          </reporter-output>
        </test-method> <!-- logout -->
        <test-method is-config="true" signature="closeBrowser()[pri:0, instance:sele_nium.Test1@384ad17b]" started-at="2024-12-01T07:30:48 IST" name="closeBrowser" finished-at="2024-12-01T07:30:48 IST" duration-ms="149" status="PASS">
          <reporter-output>
          </reporter-output>
        </test-method> <!-- closeBrowser -->
      </class> <!-- sele_nium.Test1 -->
    </test> <!-- Default test -->
  </suite> <!-- Default suite -->
</testng-results>
